<?xml version="1.0" encoding="UTF-8"?>
<!-- Generated by org.testng.reporters.JUnitReportReporter -->
<testsuite hostname="DESKTOP-TEEU60O" failures="0" tests="1" name="Testng.SampleTestCase" time="0.000" errors="0" timestamp="2020-04-08T09:04:45 IST" skipped="0">
  <testcase classname="Testng.SampleTestCase" name="afirsttestcase" time="0.000"/>
</testsuite> <!-- Testng.SampleTestCase -->
