<?xml version="1.0" encoding="UTF-8"?>
<!-- Generated by org.testng.reporters.JUnitReportReporter -->
<testsuite hostname="DESKTOP-TEEU60O" failures="0" tests="4" name="Testng.SkipATestCase" time="0.012" errors="0" timestamp="2020-04-08T09:04:45 IST" skipped="1">
  <testcase classname="Testng.SkipATestCase" name="startacar" time="0.000"/>
  <testcase classname="Testng.SkipATestCase" name="putfirstgear" time="0.004"/>
  <testcase classname="Testng.SkipATestCase" name="putsecondgear" time="0.008"/>
  <testcase classname="Testng.SkipATestCase" name="turnmusicon">
    <skipped/>
  </testcase> <!-- turnmusicon -->
</testsuite> <!-- Testng.SkipATestCase -->
