<?xml version="1.0" encoding="UTF-8"?>
<!-- Generated by org.testng.reporters.JUnitReportReporter -->
<testsuite hostname="DESKTOP-TEEU60O" failures="0" tests="2" name="Testng.tNG" time="100.738" errors="0" timestamp="2020-03-27T11:51:59 IST" skipped="0">
  <testcase classname="Testng.tNG" name="valid_login1" time="37.023"/>
  <testcase classname="Testng.tNG" name="valid_login2" time="63.715"/>
</testsuite> <!-- Testng.tNG -->
