<?xml version="1.0" encoding="UTF-8"?>
<!-- Generated by org.testng.reporters.JUnitReportReporter -->
<testsuite hostname="DESKTOP-TEEU60O" failures="0" tests="5" name="Testng.DriveaCar" time="0.030" errors="0" timestamp="2020-04-26T14:54:07 IST" skipped="1">
  <testcase classname="Testng.DriveaCar" name="startacar" time="0.027"/>
  <testcase classname="Testng.DriveaCar" name="putsecondgear" time="0.001"/>
  <testcase classname="Testng.DriveaCar" name="putthirdgear" time="0.001"/>
  <testcase classname="Testng.DriveaCar" name="putfourthgear" time="0.001"/>
  <testcase classname="Testng.DriveaCar" name="putfirstgear">
    <skipped/>
  </testcase> <!-- putfirstgear -->
</testsuite> <!-- Testng.DriveaCar -->
