<?xml version="1.0" encoding="UTF-8"?>
<!-- Generated by org.testng.reporters.JUnitReportReporter -->
<testsuite hostname="DESKTOP-TEEU60O" failures="0" tests="1" name="Testng.AssertionsExample" time="0.016" errors="0" timestamp="2020-04-03T21:20:39 IST" skipped="0">
  <testcase classname="Testng.AssertionsExample" name="CheckEqual" time="0.016"/>
</testsuite> <!-- Testng.AssertionsExample -->
