<?xml version="1.0" encoding="UTF-8"?>
<!-- Generated by org.testng.reporters.JUnitReportReporter -->
<testsuite hostname="DESKTOP-TEEU60O" failures="0" tests="3" name="ExtentReports.ExtentReportExample" time="43.869" errors="0" timestamp="2020-04-19T15:05:19 IST" skipped="0">
  <testcase classname="ExtentReports.ExtentReportExample" name="opengoogle" time="9.350"/>
  <testcase classname="ExtentReports.ExtentReportExample" name="openBing" time="3.120"/>
  <testcase classname="ExtentReports.ExtentReportExample" name="openyahoo" time="31.399"/>
</testsuite> <!-- ExtentReports.ExtentReportExample -->
