<?xml version="1.0" encoding="UTF-8"?>
<!-- Generated by org.testng.reporters.JUnitReportReporter -->
<testsuite hostname="DESKTOP-TEEU60O" failures="0" tests="8" name="Testng.GroupingExample" time="0.012" errors="0" timestamp="2020-04-08T09:04:45 IST" skipped="0">
  <testcase classname="Testng.GroupingExample" name="moto2" time="0.000"/>
  <testcase classname="Testng.GroupingExample" name="lenovo1" time="0.000"/>
  <testcase classname="Testng.GroupingExample" name="vivo1" time="0.000"/>
  <testcase classname="Testng.GroupingExample" name="moto1" time="0.004"/>
  <testcase classname="Testng.GroupingExample" name="apple2" time="0.004"/>
  <testcase classname="Testng.GroupingExample" name="apple" time="0.004"/>
  <testcase classname="Testng.GroupingExample" name="vivo2" time="0.000"/>
  <testcase classname="Testng.GroupingExample" name="lenovo2" time="0.000"/>
</testsuite> <!-- Testng.GroupingExample -->
