<?xml version="1.0" encoding="UTF-8"?>
<!-- Generated by org.testng.reporters.JUnitReportReporter -->
<testsuite hostname="DESKTOP-TEEU60O" failures="0" tests="3" name="Testng.DependanciesManagement" time="0.023" errors="0" timestamp="2020-04-13T11:32:56 IST" skipped="0">
  <testcase classname="Testng.DependanciesManagement" name="highschool" time="0.015"/>
  <testcase classname="Testng.DependanciesManagement" name="enggineering" time="0.004"/>
  <testcase classname="Testng.DependanciesManagement" name="highersecondary" time="0.004"/>
</testsuite> <!-- Testng.DependanciesManagement -->
