<?xml version="1.0" encoding="UTF-8"?>
<!-- Generated by org.testng.reporters.JUnitReportReporter -->
<testsuite hostname="DESKTOP-TEEU60O" failures="0" tests="2" name="Testng.ParallelTesting" time="32.397" errors="0" timestamp="2020-04-13T09:50:56 IST" skipped="0">
  <testcase classname="Testng.ParallelTesting" name="openbing" time="15.349"/>
  <testcase classname="Testng.ParallelTesting" name="opengoogle" time="17.048"/>
</testsuite> <!-- Testng.ParallelTesting -->
