<?xml version="1.0" encoding="UTF-8"?>
<!-- Generated by org.testng.reporters.JUnitReportReporter -->
<testsuite hostname="DESKTOP-TEEU60O" failures="0" tests="2" name="Testng.DataProviderExample" time="0.020" errors="0" timestamp="2020-04-13T09:52:24 IST" skipped="0">
  <testcase classname="Testng.DataProviderExample" name="f1" time="0.008"/>
  <testcase classname="Testng.DataProviderExample" name="f1" time="0.012"/>
</testsuite> <!-- Testng.DataProviderExample -->
