<?xml version="1.0" encoding="UTF-8"?>
<!-- Generated by org.testng.reporters.JUnitReportReporter -->
<testsuite hostname="DESKTOP-TEEU60O" failures="0" tests="2" name="Testng.NewTest3" time="0.012" errors="0" timestamp="2020-04-08T09:04:45 IST" skipped="0">
  <testcase classname="Testng.NewTest3" name="delete" time="0.008"/>
  <testcase classname="Testng.NewTest3" name="add" time="0.004"/>
</testsuite> <!-- Testng.NewTest3 -->
