<?xml version="1.0" encoding="UTF-8"?>
<!-- Generated by org.testng.reporters.JUnitReportReporter -->
<testsuite hostname="DESKTOP-TEEU60O" failures="0" tests="1" name="Testng.NewTest67" time="0.006" errors="0" timestamp="2020-04-19T14:59:45 IST" skipped="0">
  <testcase classname="Testng.NewTest67" name="f" time="0.006"/>
</testsuite> <!-- Testng.NewTest67 -->
