<?xml version="1.0" encoding="UTF-8"?>
<!-- Generated by org.testng.reporters.JUnitReportReporter -->
<testsuite hostname="DESKTOP-TEEU60O" failures="0" tests="3" name="Testng.SuiteExample" time="36.731" errors="0" timestamp="2020-04-19T14:59:45 IST" skipped="0">
  <testcase classname="Testng.SuiteExample" name="openBing" time="1.661"/>
  <testcase classname="Testng.SuiteExample" name="opengoogle" time="9.320"/>
  <testcase classname="Testng.SuiteExample" name="openyahoo" time="25.750"/>
</testsuite> <!-- Testng.SuiteExample -->
