<?xml version="1.0" encoding="UTF-8"?>
<!-- Generated by org.testng.reporters.JUnitReportReporter -->
<testsuite hostname="DESKTOP-TEEU60O" failures="0" tests="2" name="Testng.NewTest" time="0.016" errors="0" timestamp="2020-04-13T11:32:56 IST" skipped="0">
  <testcase classname="Testng.NewTest" name="f" time="0.009"/>
  <testcase classname="Testng.NewTest" name="f2" time="0.007"/>
</testsuite> <!-- Testng.NewTest -->
