<?xml version="1.0" encoding="UTF-8"?>
<!-- Generated by org.testng.reporters.JUnitReportReporter -->
<testsuite hostname="DESKTOP-TEEU60O" failures="0" tests="1" name="Testng.NewTest2" time="0.009" errors="0" timestamp="2020-04-19T14:14:55 IST" skipped="0">
  <testcase classname="Testng.NewTest2" name="f1" time="0.009"/>
</testsuite> <!-- Testng.NewTest2 -->
