<?xml version="1.0" encoding="UTF-8"?>
<!-- Generated by org.testng.reporters.JUnitReportReporter -->
<testsuite hostname="DESKTOP-TEEU60O" failures="0" tests="4" name="LoginTestCases.Login" time="58.518" errors="0" timestamp="2020-06-07T11:14:03 IST" skipped="0">
  <testcase classname="LoginTestCases.Login" name="Logincorrect" time="12.692"/>
  <system-out/>
  <testcase classname="LoginTestCases.Login" name="Logincorrect" time="11.651"/>
  <system-out/>
  <testcase classname="LoginTestCases.Login" name="Logincorrect" time="21.690"/>
  <system-out/>
  <testcase classname="LoginTestCases.Login" name="Logincorrect" time="12.485"/>
  <system-out/>
</testsuite> <!-- LoginTestCases.Login -->
