<?xml version="1.0" encoding="UTF-8"?>
<!-- Generated by org.testng.reporters.JUnitReportReporter -->
<testsuite hostname="DESKTOP-TEEU60O" failures="0" tests="1" name="LoginTestCases.CorrectUserName" time="10.763" errors="0" timestamp="2020-06-07T10:28:50 IST" skipped="0">
  <testcase classname="LoginTestCases.CorrectUserName" name="Loginwithcorrectusername" time="10.763"/>
  <system-out/>
</testsuite> <!-- LoginTestCases.CorrectUserName -->
